#
# There is insufficient memory for the Java Runtime Environment to continue.
# Native memory allocation (malloc) failed to allocate 1048576 bytes for AllocateHeap
# Possible reasons:
#   The system is out of physical RAM or swap space
#   In 32 bit mode, the process size limit was hit
# Possible solutions:
#   Reduce memory load on the system
#   Increase physical memory or swap space
#   Check if swap backing store is full
#   Use 64 bit Java on a 64 bit OS
#   Decrease Java heap size (-Xmx/-Xms)
#   Decrease number of Java threads
#   Decrease Java thread stack sizes (-Xss)
#   Set larger code cache with -XX:ReservedCodeCacheSize=
# This output file may be truncated or incomplete.
#
#  Out of Memory Error (memory/allocation.inline.hpp:61), pid=25984, tid=0x0000000000007974
#
# JRE version:  (8.0_131-b11) (build )
# Java VM: Java HotSpot(TM) 64-Bit Server VM (25.131-b11 mixed mode windows-amd64 compressed oops)
# Failed to write core dump. Minidumps are not enabled by default on client versions of Windows
#

---------------  T H R E A D  ---------------

Current thread (0x0000000002d22800):  JavaThread "Unknown thread" [_thread_in_vm, id=31092, stack(0x00000000028a0000,0x00000000029a0000)]

Stack: [0x00000000028a0000,0x00000000029a0000]
[error occurred during error reporting (printing stack bounds), id 0xc0000005]

Native frames: (J=compiled Java code, j=interpreted, Vv=VM code, C=native code)


---------------  P R O C E S S  ---------------

Java Threads: ( => current thread )

Other Threads:

=>0x0000000002d22800 (exited) JavaThread "Unknown thread" [_thread_in_vm, id=31092, stack(0x00000000028a0000,0x00000000029a0000)]

VM state:not at safepoint (normal execution)

VM Mutex/Monitor currently owned by a thread: None

Heap:
 PSYoungGen      total 73728K, used 1269K [0x000000076e000000, 0x0000000773200000, 0x00000007c0000000)
  eden space 63488K, 2% used [0x000000076e000000,0x000000076e13d718,0x0000000771e00000)
  from space 10240K, 0% used [0x0000000772800000,0x0000000772800000,0x0000000773200000)
  to   space 10240K, 0% used [0x0000000771e00000,0x0000000771e00000,0x0000000772800000)
 ParOldGen       total 167936K, used 0K [0x00000006ca000000, 0x00000006d4400000, 0x000000076e000000)
  object space 167936K, 0% used [0x00000006ca000000,0x00000006ca000000,0x00000006d4400000)
 Metaspace       used 770K, capacity 4480K, committed 4480K, reserved 1056768K
  class space    used 75K, capacity 384K, committed 384K, reserved 1048576K

Card table byte_map: [0x00000000121f0000,0x00000000129b0000] byte_map_base: 0x000000000eba0000

Marking Bits: (ParMarkBitMap*) 0x00000000735ec720
 Begin Bits: [0x0000000013bd0000, 0x0000000017950000)
 End Bits:   [0x0000000017950000, 0x000000001b6d0000)

Polling page: 0x00000000029a0000

CodeCache: size=245760Kb used=327Kb max_used=327Kb free=245432Kb
 bounds [0x0000000002e30000, 0x00000000030a0000, 0x0000000011e30000]
 total_blobs=57 nmethods=0 adapters=38
 compilation: enabled

Compilation events (0 events):
No events

GC Heap History (0 events):
No events

Deoptimization events (0 events):
No events

Internal exceptions (0 events):
No events

Events (10 events):
Event: 0.028 loading class java/lang/Short
Event: 0.028 loading class java/lang/Short done
Event: 0.028 loading class java/lang/Integer
Event: 0.028 loading class java/lang/Integer done
Event: 0.028 loading class java/lang/Long
Event: 0.028 loading class java/lang/Long done
Event: 0.029 loading class java/lang/NullPointerException
Event: 0.029 loading class java/lang/NullPointerException done
Event: 0.029 loading class java/lang/ArithmeticException
Event: 0.029 loading class java/lang/ArithmeticException done


Dynamic libraries:
0x00007ff71bbd0000 - 0x00007ff71bc07000 	D:\AndroidSdk\jdk\bin\java.exe
0x00007ffecfb70000 - 0x00007ffecfd65000 	C:\Windows\SYSTEM32\ntdll.dll
0x00007ffecfa70000 - 0x00007ffecfb2d000 	C:\Windows\System32\KERNEL32.DLL
0x00007ffecd830000 - 0x00007ffecdaf9000 	C:\Windows\System32\KERNELBASE.dll
0x00007ffecf4d0000 - 0x00007ffecf57c000 	C:\Windows\System32\ADVAPI32.dll
0x00007ffecf750000 - 0x00007ffecf7ee000 	C:\Windows\System32\msvcrt.dll
0x00007ffecf580000 - 0x00007ffecf61c000 	C:\Windows\System32\sechost.dll
0x00007ffecf620000 - 0x00007ffecf74b000 	C:\Windows\System32\RPCRT4.dll
0x00007ffecf280000 - 0x00007ffecf420000 	C:\Windows\System32\USER32.dll
0x00007ffecdb00000 - 0x00007ffecdb22000 	C:\Windows\System32\win32u.dll
0x00007ffece5e0000 - 0x00007ffece60a000 	C:\Windows\System32\GDI32.dll
0x00007ffecd720000 - 0x00007ffecd82b000 	C:\Windows\System32\gdi32full.dll
0x00007ffecdb30000 - 0x00007ffecdbcd000 	C:\Windows\System32\msvcp_win.dll
0x00007ffecd590000 - 0x00007ffecd690000 	C:\Windows\System32\ucrtbase.dll
0x00007ffeba690000 - 0x00007ffeba92a000 	C:\Windows\WinSxS\amd64_microsoft.windows.common-controls_6595b64144ccf1df_6.0.19041.844_none_ca00b6081b84eb1d\COMCTL32.dll
0x00007ffece480000 - 0x00007ffece4b0000 	C:\Windows\System32\IMM32.DLL
0x0000000073670000 - 0x0000000073742000 	D:\AndroidSdk\jdk\jre\bin\msvcr100.dll
0x0000000072dd0000 - 0x000000007366c000 	D:\AndroidSdk\jdk\jre\bin\server\jvm.dll
0x00007ffecfa60000 - 0x00007ffecfa68000 	C:\Windows\System32\PSAPI.DLL
0x00007ffea9450000 - 0x00007ffea9459000 	C:\Windows\SYSTEM32\WSOCK32.dll
0x00007ffecb820000 - 0x00007ffecb847000 	C:\Windows\SYSTEM32\WINMM.dll
0x00007ffec5720000 - 0x00007ffec572a000 	C:\Windows\SYSTEM32\VERSION.dll
0x00007ffece410000 - 0x00007ffece47b000 	C:\Windows\System32\WS2_32.dll
0x0000000072dc0000 - 0x0000000072dcf000 	D:\AndroidSdk\jdk\jre\bin\verify.dll
0x0000000072d90000 - 0x0000000072db9000 	D:\AndroidSdk\jdk\jre\bin\java.dll
0x0000000072d70000 - 0x0000000072d86000 	D:\AndroidSdk\jdk\jre\bin\zip.dll

VM Arguments:
jvm_args: -Dcom.android.sdkmanager.toolsdir=D:\AndroidSdk\AndroidSdk2021\tools\bin\\.. 
java_command: com.android.sdklib.tool.AvdManagerCli list target -c
java_class_path (initial): D:\AndroidSdk\AndroidSdk2021\tools\bin\..\lib\dvlib-26.0.0-dev.jar;D:\AndroidSdk\AndroidSdk2021\tools\bin\..\lib\jimfs-1.1.jar;D:\AndroidSdk\AndroidSdk2021\tools\bin\..\lib\jsr305-1.3.9.jar;D:\AndroidSdk\AndroidSdk2021\tools\bin\..\lib\repository-26.0.0-dev.jar;D:\AndroidSdk\AndroidSdk2021\tools\bin\..\lib\j2objc-annotations-1.1.jar;D:\AndroidSdk\AndroidSdk2021\tools\bin\..\lib\layoutlib-api-26.0.0-dev.jar;D:\AndroidSdk\AndroidSdk2021\tools\bin\..\lib\gson-2.3.jar;D:\AndroidSdk\AndroidSdk2021\tools\bin\..\lib\httpcore-4.2.5.jar;D:\AndroidSdk\AndroidSdk2021\tools\bin\..\lib\commons-logging-1.1.1.jar;D:\AndroidSdk\AndroidSdk2021\tools\bin\..\lib\commons-compress-1.12.jar;D:\AndroidSdk\AndroidSdk2021\tools\bin\..\lib\annotations-26.0.0-dev.jar;D:\AndroidSdk\AndroidSdk2021\tools\bin\..\lib\error_prone_annotations-2.0.18.jar;D:\AndroidSdk\AndroidSdk2021\tools\bin\..\lib\animal-sniffer-annotations-1.14.jar;D:\AndroidSdk\AndroidSdk2021\tools\bin\..\lib\httpclient-4.2.6.jar;D:\AndroidSdk\AndroidSdk2021\tools\bin\..\lib\commons-codec-1.6.jar;D:\AndroidSdk\AndroidSdk2021\tools\bin\..\lib\common-26.0.0-dev.jar;D:\AndroidSdk\AndroidSdk2021\tools\bin\..\lib\kxml2-2.3.0.jar;D:\AndroidSdk\AndroidSdk2021\tools\bin\..\lib\httpmime-4.1.jar;D:\AndroidSdk\AndroidSdk2021\tools\bin\..\lib\annotations-12.0.jar;D:\AndroidSdk\AndroidSdk2021\tools\bin\..\lib\sdklib-26.0.0-dev.jar;D:\AndroidSdk\AndroidSdk2021\tools\bin\..\lib\guava-22.0.jar
Launcher Type: SUN_STANDARD

Environment Variables:
JAVA_HOME=D:\AndroidSdk\jdk
CLASSPATH=D:\AndroidSdk\AndroidSdk2021\tools\bin\..\lib\dvlib-26.0.0-dev.jar;D:\AndroidSdk\AndroidSdk2021\tools\bin\..\lib\jimfs-1.1.jar;D:\AndroidSdk\AndroidSdk2021\tools\bin\..\lib\jsr305-1.3.9.jar;D:\AndroidSdk\AndroidSdk2021\tools\bin\..\lib\repository-26.0.0-dev.jar;D:\AndroidSdk\AndroidSdk2021\tools\bin\..\lib\j2objc-annotations-1.1.jar;D:\AndroidSdk\AndroidSdk2021\tools\bin\..\lib\layoutlib-api-26.0.0-dev.jar;D:\AndroidSdk\AndroidSdk2021\tools\bin\..\lib\gson-2.3.jar;D:\AndroidSdk\AndroidSdk2021\tools\bin\..\lib\httpcore-4.2.5.jar;D:\AndroidSdk\AndroidSdk2021\tools\bin\..\lib\commons-logging-1.1.1.jar;D:\AndroidSdk\AndroidSdk2021\tools\bin\..\lib\commons-compress-1.12.jar;D:\AndroidSdk\AndroidSdk2021\tools\bin\..\lib\annotations-26.0.0-dev.jar;D:\AndroidSdk\AndroidSdk2021\tools\bin\..\lib\error_prone_annotations-2.0.18.jar;D:\AndroidSdk\AndroidSdk2021\tools\bin\..\lib\animal-sniffer-annotations-1.14.jar;D:\AndroidSdk\AndroidSdk2021\tools\bin\..\lib\httpclient-4.2.6.jar;D:\AndroidSdk\AndroidSdk2021\tools\bin\..\lib\commons-codec-1.6.jar;D:\AndroidSdk\AndroidSdk2021\tools\bin\..\lib\common-26.0.0-dev.jar;D:\AndroidSdk\AndroidSdk2021\tools\bin\..\lib\kxml2-2.3.0.jar;D:\AndroidSdk\AndroidSdk2021\tools\bin\..\lib\httpmime-4.1.jar;D:\AndroidSdk\AndroidSdk2021\tools\bin\..\lib\annotations-12.0.jar;D:\AndroidSdk\AndroidSdk2021\tools\bin\..\lib\sdklib-26.0.0-dev.jar;D:\AndroidSdk\AndroidSdk2021\tools\bin\..\lib\guava-22.0.jar
PATH=C:\ProgramData\Oracle\Java\javapath;C:\Windows\system32;C:\Windows;C:\Windows\System32\Wbem;C:\Windows\System32\WindowsPowerShell\v1.0\;C:\Windows\System32\OpenSSH\;C:\Program Files (x86)\NVIDIA Corporation\PhysX\Common;C:\Program Files\NVIDIA Corporation\NVIDIA NvDLISR;d:\Program Files\Git\cmd;D:\Program Files\TortoiseGit\bin;C:\Program Files\dotnet\;C:\Program Files\Microsoft SQL Server\130\Tools\Binn\;d:\Program Files\IDM Computer Solutions\UltraEdit;D:\WorkBags\5.1;D:\WorkBags\5.1\clibs;C:\Users\LuoYikun\AppData\Local\Microsoft\WindowsApps;D:\Program Files (x86)\Microsoft VS Code\bin;C:\Users\LuoYikun\.dotnet\tools;d:\Program Files\JetBrains\IntelliJ IDEA 2020.3\bin;;D:\WorkBags\5.1;
USERNAME=LuoYikun
OS=Windows_NT
PROCESSOR_IDENTIFIER=AMD64 Family 23 Model 96 Stepping 1, AuthenticAMD



---------------  S Y S T E M  ---------------

OS: Windows 10.0 , 64 bit Build 19041 (10.0.19041.804)

CPU:total 16 (initial active 16) (16 cores per cpu, 1 threads per core) family 23 model 96 stepping 1, cmov, cx8, fxsr, mmx, sse, sse2, sse3, ssse3, sse4.1, sse4.2, popcnt, avx, avx2, aes, clmul, mmxext, 3dnowpref, lzcnt, sse4a, tsc, tscinvbit, tscinv, bmi1

Memory: 4k page, physical 16120072k(1732360k free), swap 31848708k(5204k free)

vm_info: Java HotSpot(TM) 64-Bit Server VM (25.131-b11) for windows-amd64 JRE (1.8.0_131-b11), built on Mar 15 2017 01:23:53 by "java_re" with MS VC++ 10.0 (VS2010)

time: Sat Apr 03 17:48:50 2021
elapsed time: 0 seconds (0d 0h 0m 0s)

